openCVLibrary320/build/intermediates/manifest_merge_blame_file/debug/manifest-merger-blame-debug-report.txt
1<?xml version="1.0" encoding="utf-8"?>
2<manifest xmlns:android="http://schemas.android.com/apk/res/android"
3    package="org.opencv"
4    android:versionCode="3200"
5    android:versionName="3.2.0" >
6
7    <uses-sdk android:targetSdkVersion="25" />
7-->src\main\AndroidManifest.xml:16:5-47
7-->src\main\AndroidManifest.xml:16:15-44
8
9    <uses-permission android:name="android.permission.CAMERA" />
9-->src\main\AndroidManifest.xml:7:5-64
9-->src\main\AndroidManifest.xml:7:22-62
10    <uses-permission android:name="android.permission.FLASHLIGHT" />
10-->src\main\AndroidManifest.xml:8:5-69
10-->src\main\AndroidManifest.xml:8:22-66
11
12    <uses-feature android:name="android.hardware.camera" />
12-->src\main\AndroidManifest.xml:9:5-60
12-->src\main\AndroidManifest.xml:9:19-57
13    <uses-feature android:name="android.hardware.camera.flash" />
13-->src\main\AndroidManifest.xml:10:5-66
13-->src\main\AndroidManifest.xml:10:19-63
14    <uses-feature android:name="android.hardware.camera.autofocus" />
14-->src\main\AndroidManifest.xml:11:5-70
14-->src\main\AndroidManifest.xml:11:19-67
15
16    <uses-permission android:name="android.permission.CAMERA" />
16-->src\main\AndroidManifest.xml:7:5-64
16-->src\main\AndroidManifest.xml:7:22-62
17
18    <uses-feature android:name="android.hardware.camera2.full" />
18-->src\main\AndroidManifest.xml:14:5-65
18-->src\main\AndroidManifest.xml:14:19-63
19
20</manifest>